build/outputs/logs/manifest-merger-debug-report.txt
-- Merging decision tree log ---
manifest
ADDED from src\main\AndroidManifest.xml:2:1-70:12
	package
		ADDED from src\main\AndroidManifest.xml:3:5-36
		INJECTED from src\main\AndroidManifest.xml
		INJECTED from src\main\AndroidManifest.xml
	android:versionName
		ADDED from src\main\AndroidManifest.xml:5:5-30
		INJECTED from src\main\AndroidManifest.xml
		INJECTED from src\main\AndroidManifest.xml
	android:versionCode
		ADDED from src\main\AndroidManifest.xml:4:5-28
		INJECTED from src\main\AndroidManifest.xml
		INJECTED from src\main\AndroidManifest.xml
	xmlns:android
		ADDED from src\main\AndroidManifest.xml:2:11-69
uses-sdk
ADDED from src\main\AndroidManifest.xml:7:5-9:41
	android:targetSdkVersion
		ADDED from src\main\AndroidManifest.xml:9:9-38
		INJECTED from src\main\AndroidManifest.xml
		INJECTED from src\main\AndroidManifest.xml
	android:minSdkVersion
		ADDED from src\main\AndroidManifest.xml:8:9-35
		INJECTED from src\main\AndroidManifest.xml
		INJECTED from src\main\AndroidManifest.xml
uses-permission#android.permission.GET_TASKS
ADDED from src\main\AndroidManifest.xml:11:5-68
	android:name
		ADDED from src\main\AndroidManifest.xml:11:22-65
uses-permission#android.permission.INTERNET
ADDED from src\main\AndroidManifest.xml:12:5-67
	android:name
		ADDED from src\main\AndroidManifest.xml:12:22-64
uses-permission#android.permission.READ_PHONE_STATE
ADDED from src\main\AndroidManifest.xml:14:5-75
	android:name
		ADDED from src\main\AndroidManifest.xml:14:22-72
application
ADDED from src\main\AndroidManifest.xml:16:5-68:19
	android:screenOrientation
		ADDED from src\main\AndroidManifest.xml:20:9-45
	android:label
		ADDED from src\main\AndroidManifest.xml:19:9-41
	android:allowBackup
		ADDED from src\main\AndroidManifest.xml:17:9-35
	android:icon
		ADDED from src\main\AndroidManifest.xml:18:9-45
activity#com.thr.mobilemedical.LoginActivity
ADDED from src\main\AndroidManifest.xml:21:9-29:20
	android:label
		ADDED from src\main\AndroidManifest.xml:23:13-45
	android:name
		ADDED from src\main\AndroidManifest.xml:22:13-63
intent-filter#android.intent.action.MAIN+android.intent.category.LAUNCHER
ADDED from src\main\AndroidManifest.xml:24:13-28:29
action#android.intent.action.MAIN
ADDED from src\main\AndroidManifest.xml:25:17-69
	android:name
		ADDED from src\main\AndroidManifest.xml:25:25-66
category#android.intent.category.LAUNCHER
ADDED from src\main\AndroidManifest.xml:27:17-77
	android:name
		ADDED from src\main\AndroidManifest.xml:27:27-74
activity#com.thr.mobilemedical.MainActivity
ADDED from src\main\AndroidManifest.xml:30:9-33:20
	android:launchMode
		ADDED from src\main\AndroidManifest.xml:32:13-43
	android:name
		ADDED from src\main\AndroidManifest.xml:31:13-62
activity#com.thr.mobilemedical.PatientinfoActivity
ADDED from src\main\AndroidManifest.xml:34:9-37:20
	android:launchMode
		ADDED from src\main\AndroidManifest.xml:36:13-43
	android:name
		ADDED from src\main\AndroidManifest.xml:35:13-69
activity#com.thr.mobilemedical.NursingrecordActivity
ADDED from src\main\AndroidManifest.xml:38:9-41:20
	android:launchMode
		ADDED from src\main\AndroidManifest.xml:40:13-43
	android:name
		ADDED from src\main\AndroidManifest.xml:39:13-71
activity#com.thr.mobilemedical.DropexecuteActivity
ADDED from src\main\AndroidManifest.xml:42:9-45:20
	android:launchMode
		ADDED from src\main\AndroidManifest.xml:44:13-43
	android:name
		ADDED from src\main\AndroidManifest.xml:43:13-69
activity#com.thr.mobilemedical.NursinglistActivity
ADDED from src\main\AndroidManifest.xml:46:9-49:20
	android:launchMode
		ADDED from src\main\AndroidManifest.xml:48:13-43
	android:name
		ADDED from src\main\AndroidManifest.xml:47:13-69
activity#com.thr.mobilemedical.NursingpatrolActivity
ADDED from src\main\AndroidManifest.xml:50:9-53:20
	android:launchMode
		ADDED from src\main\AndroidManifest.xml:52:13-43
	android:name
		ADDED from src\main\AndroidManifest.xml:51:13-71
activity#com.thr.mobilemedical.SettingAcitivity
ADDED from src\main\AndroidManifest.xml:54:9-55:20
	android:name
		ADDED from src\main\AndroidManifest.xml:54:19-72
activity#com.thr.mobilemedical.TemperaturedetailActivity
ADDED from src\main\AndroidManifest.xml:56:9-57:20
	android:name
		ADDED from src\main\AndroidManifest.xml:56:19-81
activity#com.thr.mobilemedical.BloodoxygendetailActivity
ADDED from src\main\AndroidManifest.xml:58:9-59:20
	android:name
		ADDED from src\main\AndroidManifest.xml:58:19-81
activity#com.thr.mobilemedical.BloodsugerdetailActivity
ADDED from src\main\AndroidManifest.xml:60:9-61:20
	android:name
		ADDED from src\main\AndroidManifest.xml:60:19-80
activity#com.thr.mobilemedical.BloodpressuredetailActivity
ADDED from src\main\AndroidManifest.xml:62:9-63:20
	android:name
		ADDED from src\main\AndroidManifest.xml:62:19-83
activity#com.thr.mobilemedical.ExamDetailActivity
ADDED from src\main\AndroidManifest.xml:64:9-65:20
	android:name
		ADDED from src\main\AndroidManifest.xml:64:19-74
activity#com.thr.mobilemedical.DropdetailActivity
ADDED from src\main\AndroidManifest.xml:66:9-67:20
	android:name
		ADDED from src\main\AndroidManifest.xml:66:19-74